[debug] [2024-08-05T09:21:22.547Z] ----------------------------------------------------------------------
[debug] [2024-08-05T09:21:22.549Z] Command:       C:\Program Files\nodejs\node.exe C:\Users\mroma\AppData\Roaming\npm\node_modules\firebase-tools\lib\bin\firebase.js init
[debug] [2024-08-05T09:21:22.549Z] CLI Version:   13.15.0
[debug] [2024-08-05T09:21:22.549Z] Platform:      win32
[debug] [2024-08-05T09:21:22.549Z] Node Version:  v18.16.0
[debug] [2024-08-05T09:21:22.550Z] Time:          Mon Aug 05 2024 10:21:22 GMT+0100 (Brytyjski czas letni)
[debug] [2024-08-05T09:21:22.550Z] ----------------------------------------------------------------------
[debug] 
[debug] [2024-08-05T09:21:22.552Z] >>> [apiv2][query] GET https://firebase-public.firebaseio.com/cli.json [none]
[debug] [2024-08-05T09:21:22.632Z] > command requires scopes: ["email","openid","https://www.googleapis.com/auth/cloudplatformprojects.readonly","https://www.googleapis.com/auth/firebase","https://www.googleapis.com/auth/cloud-platform"]
[debug] [2024-08-05T09:21:22.632Z] > authorizing via signed-in user (m.romanowska974@gmail.com)
[info] 
     ######## #### ########  ######## ########     ###     ######  ########
     ##        ##  ##     ## ##       ##     ##  ##   ##  ##       ##
     ######    ##  ########  ######   ########  #########  ######  ######
     ##        ##  ##    ##  ##       ##     ## ##     ##       ## ##
     ##       #### ##     ## ######## ########  ##     ##  ######  ########

You're about to initialize a Firebase project in this directory:

  D:\Kodowanko\Studia\ChooseGoodFood - Licencjat\ChooseGoodFoodAngular

Before we get started, keep in mind:

  * You are initializing within an existing Firebase project directory

[debug] [2024-08-05T09:21:22.936Z] <<< [apiv2][status] GET https://firebase-public.firebaseio.com/cli.json 200
[debug] [2024-08-05T09:21:22.936Z] <<< [apiv2][body] GET https://firebase-public.firebaseio.com/cli.json {"cloudBuildErrorAfter":1594252800000,"cloudBuildWarnAfter":1590019200000,"defaultNode10After":1594252800000,"minVersion":"3.0.5","node8DeploysDisabledAfter":1613390400000,"node8RuntimeDisabledAfter":1615809600000,"node8WarnAfter":1600128000000}
[info] 
=== Project Setup
[info] 
[info] First, let's associate this project directory with a Firebase project.
[info] You can create multiple project aliases by running firebase use --add, 
[info] but for now we'll just set up a default project.
[info] 
[debug] [2024-08-05T09:22:27.272Z] > refreshing access token with scopes: []
[debug] [2024-08-05T09:22:27.273Z] >>> [apiv2][query] POST https://www.googleapis.com/oauth2/v3/token [none]
[debug] [2024-08-05T09:22:27.273Z] >>> [apiv2][body] POST https://www.googleapis.com/oauth2/v3/token [omitted]
[debug] [2024-08-05T09:22:27.392Z] <<< [apiv2][status] POST https://www.googleapis.com/oauth2/v3/token 200
[debug] [2024-08-05T09:22:27.392Z] <<< [apiv2][body] POST https://www.googleapis.com/oauth2/v3/token [omitted]
[debug] [2024-08-05T09:22:27.404Z] >>> [apiv2][query] GET https://firebase.googleapis.com/v1beta1/projects pageSize=100
[debug] [2024-08-05T09:22:27.989Z] <<< [apiv2][status] GET https://firebase.googleapis.com/v1beta1/projects 200
[debug] [2024-08-05T09:22:27.989Z] <<< [apiv2][body] GET https://firebase.googleapis.com/v1beta1/projects [omitted]
[info] i  Using project choosegoodfood-1513f (ChooseGoodFood) 
[info] 
=== Firestore Setup
[debug] [2024-08-05T09:22:34.016Z] >>> [apiv2][query] GET https://serviceusage.googleapis.com/v1/projects/choosegoodfood-1513f/services/firestore.googleapis.com [none]
[debug] [2024-08-05T09:22:34.016Z] >>> [apiv2][(partial)header] GET https://serviceusage.googleapis.com/v1/projects/choosegoodfood-1513f/services/firestore.googleapis.com x-goog-quota-user=projects/choosegoodfood-1513f
[debug] [2024-08-05T09:22:35.005Z] <<< [apiv2][status] GET https://serviceusage.googleapis.com/v1/projects/choosegoodfood-1513f/services/firestore.googleapis.com 200
[debug] [2024-08-05T09:22:35.006Z] <<< [apiv2][body] GET https://serviceusage.googleapis.com/v1/projects/choosegoodfood-1513f/services/firestore.googleapis.com [omitted]
[debug] [2024-08-05T09:22:35.007Z] >>> [apiv2][query] GET https://firestore.googleapis.com/v1/projects/choosegoodfood-1513f/databases/(default) [none]
[debug] [2024-08-05T09:22:35.170Z] <<< [apiv2][status] GET https://firestore.googleapis.com/v1/projects/choosegoodfood-1513f/databases/(default) 200
[debug] [2024-08-05T09:22:35.171Z] <<< [apiv2][body] GET https://firestore.googleapis.com/v1/projects/choosegoodfood-1513f/databases/(default) {"name":"projects/choosegoodfood-1513f/databases/(default)","uid":"9e38958f-6236-4fa4-aa0a-1bc27811a7c2","createTime":"2024-07-13T14:25:32.727194Z","updateTime":"2024-07-13T14:25:32.727194Z","locationId":"europe-central2","type":"FIRESTORE_NATIVE","concurrencyMode":"PESSIMISTIC","versionRetentionPeriod":"3600s","earliestVersionTime":"2024-08-05T08:22:35.197497Z","appEngineIntegrationMode":"DISABLED","keyPrefix":"zlm","pointInTimeRecoveryEnablement":"POINT_IN_TIME_RECOVERY_DISABLED","deleteProtectionState":"DELETE_PROTECTION_DISABLED","etag":"IKfdo73D3YcDMJiYjOnPpocD"}
[debug] [2024-08-05T09:22:35.171Z] database_type: FIRESTORE_NATIVE
[debug] [2024-08-05T09:22:35.171Z] > command requires scopes: ["email","openid","https://www.googleapis.com/auth/cloudplatformprojects.readonly","https://www.googleapis.com/auth/firebase","https://www.googleapis.com/auth/cloud-platform"]
[debug] [2024-08-05T09:22:35.171Z] > authorizing via signed-in user (m.romanowska974@gmail.com)
[debug] [2024-08-05T09:22:35.171Z] [iam] checking project choosegoodfood-1513f for permissions ["firebase.projects.get"]
[debug] [2024-08-05T09:22:35.171Z] >>> [apiv2][query] POST https://cloudresourcemanager.googleapis.com/v1/projects/choosegoodfood-1513f:testIamPermissions [none]
[debug] [2024-08-05T09:22:35.172Z] >>> [apiv2][(partial)header] POST https://cloudresourcemanager.googleapis.com/v1/projects/choosegoodfood-1513f:testIamPermissions x-goog-quota-user=projects/choosegoodfood-1513f
[debug] [2024-08-05T09:22:35.172Z] >>> [apiv2][body] POST https://cloudresourcemanager.googleapis.com/v1/projects/choosegoodfood-1513f:testIamPermissions {"permissions":["firebase.projects.get"]}
[debug] [2024-08-05T09:22:35.442Z] <<< [apiv2][status] POST https://cloudresourcemanager.googleapis.com/v1/projects/choosegoodfood-1513f:testIamPermissions 200
[debug] [2024-08-05T09:22:35.442Z] <<< [apiv2][body] POST https://cloudresourcemanager.googleapis.com/v1/projects/choosegoodfood-1513f:testIamPermissions {"permissions":["firebase.projects.get"]}
[info] 
[info] Firestore Security Rules allow you to define how and when to allow
[info] requests. You can keep these rules in your project directory
[info] and publish them with firebase deploy.
[info] 
[debug] [2024-08-05T09:22:41.119Z] >>> [apiv2][query] GET https://firebaserules.googleapis.com/v1/projects/choosegoodfood-1513f/releases pageSize=10&pageToken=
[debug] [2024-08-05T09:22:41.922Z] <<< [apiv2][status] GET https://firebaserules.googleapis.com/v1/projects/choosegoodfood-1513f/releases 200
[debug] [2024-08-05T09:22:41.922Z] <<< [apiv2][body] GET https://firebaserules.googleapis.com/v1/projects/choosegoodfood-1513f/releases {"releases":[{"name":"projects/choosegoodfood-1513f/releases/cloud.firestore","rulesetName":"projects/choosegoodfood-1513f/rulesets/a976ca4e-6f78-4618-ad3b-352750b4bbfb","createTime":"2024-07-13T14:25:39.037336Z","updateTime":"2024-07-29T09:03:21.004837Z"}]}
[debug] [2024-08-05T09:22:41.923Z] Found ruleset: projects/choosegoodfood-1513f/rulesets/a976ca4e-6f78-4618-ad3b-352750b4bbfb
[debug] [2024-08-05T09:22:41.923Z] >>> [apiv2][query] GET https://firebaserules.googleapis.com/v1/projects/choosegoodfood-1513f/rulesets/a976ca4e-6f78-4618-ad3b-352750b4bbfb [none]
[debug] [2024-08-05T09:22:42.173Z] <<< [apiv2][status] GET https://firebaserules.googleapis.com/v1/projects/choosegoodfood-1513f/rulesets/a976ca4e-6f78-4618-ad3b-352750b4bbfb 200
[debug] [2024-08-05T09:22:42.173Z] <<< [apiv2][body] GET https://firebaserules.googleapis.com/v1/projects/choosegoodfood-1513f/rulesets/a976ca4e-6f78-4618-ad3b-352750b4bbfb [omitted]
[info] 
[info] Firestore indexes allow you to perform complex queries while
[info] maintaining performance that scales with the size of the result
[info] set. You can keep index definitions in your project directory
[info] and publish them with firebase deploy.
[info] 
[debug] [2024-08-05T09:22:44.942Z] >>> [apiv2][query] GET https://firestore.googleapis.com/v1/projects/choosegoodfood-1513f/databases/(default)/collectionGroups/-/indexes [none]
[debug] [2024-08-05T09:22:44.944Z] >>> [apiv2][query] GET https://firestore.googleapis.com/v1/projects/choosegoodfood-1513f/databases/(default)/collectionGroups/-/fields?filter=indexConfig.usesAncestorConfig=false OR ttlConfig:* [none]
[debug] [2024-08-05T09:22:45.108Z] <<< [apiv2][status] GET https://firestore.googleapis.com/v1/projects/choosegoodfood-1513f/databases/(default)/collectionGroups/-/fields?filter=indexConfig.usesAncestorConfig=false OR ttlConfig:* 200
[debug] [2024-08-05T09:22:45.108Z] <<< [apiv2][body] GET https://firestore.googleapis.com/v1/projects/choosegoodfood-1513f/databases/(default)/collectionGroups/-/fields?filter=indexConfig.usesAncestorConfig=false OR ttlConfig:* {"fields":[{"name":"projects/choosegoodfood-1513f/databases/(default)/collectionGroups/__default__/fields/*","indexConfig":{"indexes":[{"queryScope":"COLLECTION","fields":[{"fieldPath":"*","order":"ASCENDING"}],"state":"READY"},{"queryScope":"COLLECTION","fields":[{"fieldPath":"*","order":"DESCENDING"}],"state":"READY"},{"queryScope":"COLLECTION","fields":[{"fieldPath":"*","arrayConfig":"CONTAINS"}],"state":"READY"}]}}]}
[debug] [2024-08-05T09:22:45.279Z] <<< [apiv2][status] GET https://firestore.googleapis.com/v1/projects/choosegoodfood-1513f/databases/(default)/collectionGroups/-/indexes 200
[debug] [2024-08-05T09:22:45.279Z] <<< [apiv2][body] GET https://firestore.googleapis.com/v1/projects/choosegoodfood-1513f/databases/(default)/collectionGroups/-/indexes {}
[info] 
=== Hosting Setup
[debug] [2024-08-05T09:22:45.283Z] >>> [apiv2][query] GET https://firebase.googleapis.com/v1beta1/projects/choosegoodfood-1513f [none]
[debug] [2024-08-05T09:22:45.575Z] <<< [apiv2][status] GET https://firebase.googleapis.com/v1beta1/projects/choosegoodfood-1513f 200
[debug] [2024-08-05T09:22:45.575Z] <<< [apiv2][body] GET https://firebase.googleapis.com/v1beta1/projects/choosegoodfood-1513f {"projectId":"choosegoodfood-1513f","projectNumber":"540485608581","displayName":"ChooseGoodFood","name":"projects/choosegoodfood-1513f","resources":{"hostingSite":"choosegoodfood-1513f"},"state":"ACTIVE","etag":"1_5c09077f-67ab-4986-b0e7-b451fdf66245"}
[info] 
[info] Your public directory is the folder (relative to your project directory) that
[info] will contain Hosting assets to be uploaded with firebase deploy. If you
[info] have a build process for your assets, use your build's output directory.
[info] 
[debug] [2024-08-05T09:23:16.079Z] >>> [apiv2][query] GET https://www.gstatic.com/firebasejs/releases.json [none]
[debug] [2024-08-05T09:23:16.177Z] <<< [apiv2][status] GET https://www.gstatic.com/firebasejs/releases.json 200
[debug] [2024-08-05T09:23:16.178Z] <<< [apiv2][body] GET https://www.gstatic.com/firebasejs/releases.json {"current":{"version":"10.12.5","browserURL":"https://www.gstatic.com/firebasejs/10.12.5/firebase.js","packageURL":"https://www.gstatic.com/firebasejs/10.12.5/firebase.tgz"},"live":{"version":"10.12","browserURL":"https://www.gstatic.com/firebasejs/live/10.12/firebase.js","packageURL":"https://www.gstatic.com/firebasejs/live/10.12/firebase.tgz"},"components":{"analytics":"https://www.gstatic.com/firebasejs/10.12.5/firebase-analytics.js","app":"https://www.gstatic.com/firebasejs/10.12.5/firebase-app.js","app-check":"https://www.gstatic.com/firebasejs/10.12.5/firebase-app-check.js","auth":"https://www.gstatic.com/firebasejs/10.12.5/firebase-auth.js","auth/cordova":"https://www.gstatic.com/firebasejs/10.12.5/firebase-auth/cordova.js","auth/web-extension":"https://www.gstatic.com/firebasejs/10.12.5/firebase-auth/web-extension.js","functions":"https://www.gstatic.com/firebasejs/10.12.5/firebase-functions.js","firestore":"https://www.gstatic.com/firebasejs/10.12.5/firebase-firestore.js","firestore/lite":"https://www.gstatic.com/firebasejs/10.12.5/firebase-firestore/lite.js","installations":"https://www.gstatic.com/firebasejs/10.12.5/firebase-installations.js","storage":"https://www.gstatic.com/firebasejs/10.12.5/firebase-storage.js","performance":"https://www.gstatic.com/firebasejs/10.12.5/firebase-performance.js","remote-config":"https://www.gstatic.com/firebasejs/10.12.5/firebase-remote-config.js","messaging":"https://www.gstatic.com/firebasejs/10.12.5/firebase-messaging.js","messaging/sw":"https://www.gstatic.com/firebasejs/10.12.5/firebase-messaging/sw.js","database":"https://www.gstatic.com/firebasejs/10.12.5/firebase-database.js","vertexai-preview":"https://www.gstatic.com/firebasejs/10.12.5/firebase-vertexai-preview.js","firestore.memory":"https://www.gstatic.com/firebasejs/10.12.5/firebase-firestore.memory.js"}}
[info] i  Skipping write of src/index.html 
[info] 
[info] i  Detected a .git folder at D:\Kodowanko\Studia\ChooseGoodFood - Licencjat 
[info] i  Authorizing with GitHub to upload your service account to a GitHub repository's secrets store. 
[info] 
[info] Visit this URL on this device to log in:
[info] https://github.com/login/oauth/authorize?client_id=89cf50f02ac6aaed3484&state=368961421&redirect_uri=http%3A%2F%2Flocalhost%3A9005&scope=read%3Auser%20repo%20public_repo
[info] 
[info] Waiting for authentication...
[debug] [2024-08-05T09:25:13.563Z] >>> [apiv2][query] POST https://github.com/login/oauth/access_token [none]
[debug] [2024-08-05T09:25:13.563Z] >>> [apiv2][body] POST https://github.com/login/oauth/access_token [stream]
[debug] [2024-08-05T09:25:13.859Z] <<< [apiv2][status] POST https://github.com/login/oauth/access_token 200
[debug] [2024-08-05T09:25:13.859Z] <<< [apiv2][body] POST https://github.com/login/oauth/access_token {"access_token":"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","token_type":"bearer","scope":"read:user,repo"}
[debug] [2024-08-05T09:25:13.860Z] >>> [apiv2][query] GET https://api.github.com/user [none]
[debug] [2024-08-05T09:25:14.173Z] <<< [apiv2][status] GET https://api.github.com/user 200
[debug] [2024-08-05T09:25:14.173Z] <<< [apiv2][body] GET https://api.github.com/user {"login":"mromanowska974","id":95767722,"node_id":"U_kgDOBbVMqg","avatar_url":"https://avatars.githubusercontent.com/u/95767722?v=4","gravatar_id":"","url":"https://api.github.com/users/mromanowska974","html_url":"https://github.com/mromanowska974","followers_url":"https://api.github.com/users/mromanowska974/followers","following_url":"https://api.github.com/users/mromanowska974/following{/other_user}","gists_url":"https://api.github.com/users/mromanowska974/gists{/gist_id}","starred_url":"https://api.github.com/users/mromanowska974/starred{/owner}{/repo}","subscriptions_url":"https://api.github.com/users/mromanowska974/subscriptions","organizations_url":"https://api.github.com/users/mromanowska974/orgs","repos_url":"https://api.github.com/users/mromanowska974/repos","events_url":"https://api.github.com/users/mromanowska974/events{/privacy}","received_events_url":"https://api.github.com/users/mromanowska974/received_events","type":"User","site_admin":false,"name":null,"company":null,"blog":"","location":null,"email":null,"hireable":null,"bio":null,"twitter_username":null,"notification_email":null,"public_repos":2,"public_gists":0,"followers":0,"following":0,"created_at":"2021-12-08T16:32:31Z","updated_at":"2024-07-17T06:24:34Z","private_gists":0,"total_private_repos":6,"owned_private_repos":6,"disk_usage":16705,"collaborators":0,"two_factor_authentication":false,"plan":{"name":"free","space":976562499,"collaborators":0,"private_repos":10000}}
[info] 
[info] +  Success! Logged into GitHub as mromanowska974 
[info] 
